export/launcher/build/intermediates/manifest_merge_blame_file/debug/manifest-merger-blame-debug-report.txt
1<?xml version="1.0" encoding="utf-8"?>
2<!-- GENERATED BY UNITY. REMOVE THIS COMMENT TO PREVENT OVERWRITING WHEN EXPORTING AGAIN -->
3<manifest xmlns:android="http://schemas.android.com/apk/res/android"
4    package="com.DefaultCompany.RunOrRock"
5    android:installLocation="preferExternal"
6    android:versionCode="1"
7    android:versionName="0.1" >
8
9    <uses-sdk
10        android:minSdkVersion="19"
10-->src\main\AndroidManifest.xml
11        android:targetSdkVersion="29" />
11-->src\main\AndroidManifest.xml
12
13    <supports-screens
13-->src\main\AndroidManifest.xml:4:3-163
14        android:anyDensity="true"
14-->src\main\AndroidManifest.xml:4:135-160
15        android:largeScreens="true"
15-->src\main\AndroidManifest.xml:4:78-105
16        android:normalScreens="true"
16-->src\main\AndroidManifest.xml:4:49-77
17        android:smallScreens="true"
17-->src\main\AndroidManifest.xml:4:21-48
18        android:xlargeScreens="true" />
18-->src\main\AndroidManifest.xml:4:106-134
19
20    <uses-feature android:glEsVersion="0x00030000" />
20-->[:unityLibrary] AndroidManifest.xml:11:5-54
20-->[:unityLibrary] AndroidManifest.xml:11:19-51
21    <uses-feature
21-->[:unityLibrary] AndroidManifest.xml:12:5-14:36
22        android:name="android.hardware.vulkan.version"
22-->[:unityLibrary] AndroidManifest.xml:13:9-55
23        android:required="false" />
23-->[:unityLibrary] AndroidManifest.xml:14:9-33
24    <uses-feature
24-->[:unityLibrary] AndroidManifest.xml:15:5-17:36
25        android:name="android.hardware.sensor.accelerometer"
25-->[:unityLibrary] AndroidManifest.xml:16:9-61
26        android:required="false" />
26-->[:unityLibrary] AndroidManifest.xml:17:9-33
27    <uses-feature
27-->[:unityLibrary] AndroidManifest.xml:18:5-20:36
28        android:name="android.hardware.touchscreen"
28-->[:unityLibrary] AndroidManifest.xml:19:9-52
29        android:required="false" />
29-->[:unityLibrary] AndroidManifest.xml:20:9-33
30    <uses-feature
30-->[:unityLibrary] AndroidManifest.xml:21:5-23:36
31        android:name="android.hardware.touchscreen.multitouch"
31-->[:unityLibrary] AndroidManifest.xml:22:9-63
32        android:required="false" />
32-->[:unityLibrary] AndroidManifest.xml:23:9-33
33    <uses-feature
33-->[:unityLibrary] AndroidManifest.xml:24:5-26:36
34        android:name="android.hardware.touchscreen.multitouch.distinct"
34-->[:unityLibrary] AndroidManifest.xml:25:9-72
35        android:required="false" />
35-->[:unityLibrary] AndroidManifest.xml:26:9-33
36
37    <application
37-->src\main\AndroidManifest.xml:5:3-83
38        android:debuggable="true"
39        android:icon="@mipmap/app_icon"
39-->src\main\AndroidManifest.xml:5:49-80
40        android:label="@string/app_name"
40-->src\main\AndroidManifest.xml:5:16-48
41        android:testOnly="true" >
42        <activity
42-->[:unityLibrary] AndroidManifest.xml:29:9-48:20
43            android:name="com.unity3d.player.UnityPlayerActivity"
43-->[:unityLibrary] AndroidManifest.xml:30:13-66
44            android:configChanges="mcc|mnc|locale|touchscreen|keyboard|keyboardHidden|navigation|orientation|screenLayout|uiMode|screenSize|smallestScreenSize|fontScale|layoutDirection|density"
44-->[:unityLibrary] AndroidManifest.xml:31:13-194
45            android:hardwareAccelerated="false"
45-->[:unityLibrary] AndroidManifest.xml:32:13-48
46            android:launchMode="singleTask"
46-->[:unityLibrary] AndroidManifest.xml:33:13-44
47            android:screenOrientation="sensorLandscape"
47-->[:unityLibrary] AndroidManifest.xml:34:13-56
48            android:theme="@style/UnityThemeSelector" >
48-->[:unityLibrary] AndroidManifest.xml:35:13-54
49            <intent-filter>
49-->[:unityLibrary] AndroidManifest.xml:36:13-40:29
50                <action android:name="android.intent.action.MAIN" />
50-->[:unityLibrary] AndroidManifest.xml:37:17-69
50-->[:unityLibrary] AndroidManifest.xml:37:25-66
51
52                <category android:name="android.intent.category.LAUNCHER" />
52-->[:unityLibrary] AndroidManifest.xml:39:17-77
52-->[:unityLibrary] AndroidManifest.xml:39:27-74
53            </intent-filter>
54
55            <meta-data
55-->[:unityLibrary] AndroidManifest.xml:42:13-44:40
56                android:name="unityplayer.UnityActivity"
56-->[:unityLibrary] AndroidManifest.xml:43:17-57
57                android:value="true" />
57-->[:unityLibrary] AndroidManifest.xml:44:17-37
58            <meta-data
58-->[:unityLibrary] AndroidManifest.xml:45:13-47:40
59                android:name="android.notch_support"
59-->[:unityLibrary] AndroidManifest.xml:46:17-53
60                android:value="true" />
60-->[:unityLibrary] AndroidManifest.xml:47:17-37
61        </activity>
62
63        <meta-data
63-->[:unityLibrary] AndroidManifest.xml:50:9-52:33
64            android:name="unity.splash-mode"
64-->[:unityLibrary] AndroidManifest.xml:51:13-45
65            android:value="0" />
65-->[:unityLibrary] AndroidManifest.xml:52:13-30
66        <meta-data
66-->[:unityLibrary] AndroidManifest.xml:53:9-55:36
67            android:name="unity.splash-enable"
67-->[:unityLibrary] AndroidManifest.xml:54:13-47
68            android:value="True" />
68-->[:unityLibrary] AndroidManifest.xml:55:13-33
69        <meta-data
69-->[:unityLibrary] AndroidManifest.xml:56:9-58:50
70            android:name="notch.config"
70-->[:unityLibrary] AndroidManifest.xml:57:13-40
71            android:value="portrait|landscape" />
71-->[:unityLibrary] AndroidManifest.xml:58:13-47
72        <meta-data
72-->[:unityLibrary] AndroidManifest.xml:59:9-61:68
73            android:name="unity.build-id"
73-->[:unityLibrary] AndroidManifest.xml:60:13-42
74            android:value="c045fdb7-6ff1-4172-b6cc-76eda10fe583" />
74-->[:unityLibrary] AndroidManifest.xml:61:13-65
75    </application>
76
77</manifest>